<?xml version="1.0" encoding="UTF-8"?>
<testsuite xmlns:xsi="http://www.w3.org/2001/XMLSchema-instance" xsi:noNamespaceSchemaLocation="https://maven.apache.org/surefire/maven-surefire-plugin/xsd/surefire-test-report-3.0.xsd" version="3.0" name="TestSuite" time="169.03" tests="7" errors="0" skipped="0" failures="2">
  <properties>
[...]
</properties>
  <testcase name="loginTest[test10@gmail.com, Test@gmail](1)" classname="com.qa.test.testLoginTestNG" time="20.657">
    <system-out><![CDATA[[TestNGContentHandler] [WARN] It is strongly recommended to add "<!DOCTYPE suite SYSTEM "https://testng.org/testng-1.0.dtd" >" at the top of your file, otherwise TestNG may fail or not work as expected.
[INFO ] 2020-09-05 15:09:40.125 [main] log4j2Demo - Browser started!
[INFO ] 2020-09-05 15:09:48.818 [main] log4j2Demo - Navigater to http://localhost/shoponline/
Row Count: 3
Col Count: 2
test10@gmail.com
Cel data[1,0]:test10@gmail.com
Test@gmail
Cel data[1,1]:Test@gmail
test11@gmail.com
Cel data[2,0]:test11@gmail.com
Test@gmail
Cel data[2,1]:Test@gmail
********** Test Started: loginTest
[INFO ] 2020-09-05 15:09:56.771 [main] log4j2Demo - Click to My account!
[INFO ] 2020-09-05 15:10:05.001 [main] log4j2Demo - Perform login form!
[INFO ] 2020-09-05 15:10:05.125 [main] log4j2Demo - Verify Account!
[INFO ] 2020-09-05 15:10:12.733 [main] log4j2Demo - Click Logout!
********** Test Successed: loginTest
]]></system-out>
    <system-err><![CDATA[SLF4J: Failed to load class "org.slf4j.impl.StaticLoggerBinder".
SLF4J: Defaulting to no-operation (NOP) logger implementation
SLF4J: See http://www.slf4j.org/codes.html#StaticLoggerBinder for further details.
Starting ChromeDriver 84.0.4147.30 (48b3e868b4cc0aa7e8149519690b6f6949e110a8-refs/branch-heads/4147@{#310}) on port 31961
Only local connections are allowed.
Please see https://chromedriver.chromium.org/security-considerations for suggestions on keeping ChromeDriver safe.
ChromeDriver was started successfully.
Sep 05, 2020 3:09:40 PM org.openqa.selenium.remote.ProtocolHandshake createSession
INFO: Detected dialect: W3C
]]></system-err>
  </testcase>
  <testcase name="loginTest[test11@gmail.com, Test@gmail](2)" classname="com.qa.test.testLoginTestNG" time="14.908">
    <system-out><![CDATA[********** Test Started: loginTest
[INFO ] 2020-09-05 15:10:17.560 [main] log4j2Demo - Click to My account!
[INFO ] 2020-09-05 15:10:22.973 [main] log4j2Demo - Perform login form!
[INFO ] 2020-09-05 15:10:23.049 [main] log4j2Demo - Verify Account!
[INFO ] 2020-09-05 15:10:28.911 [main] log4j2Demo - Click Logout!
********** Test Successed: loginTest
]]></system-out>
  </testcase>
  <testcase name="registerTest[test18@gmail.com, Test@gmail](1)" classname="com.qa.test.testRegisterTestNG" time="27.23">
    <failure message="no such element: Unable to locate element: {&quot;method&quot;:&quot;xpath&quot;,&quot;selector&quot;:&quot;	//a[contains(text(),&apos;Logout&apos;)]&quot;}&#10;  (Session info: chrome=84.0.4147.135)&#10;For documentation on this error, please visit: https://www.seleniumhq.org/exceptions/no_such_element.html&#10;Build info: version: &apos;3.141.59&apos;, revision: &apos;e82be7d358&apos;, time: &apos;2018-11-14T08:17:03&apos;&#10;System info: host: &apos;DESKTOP-1ECMA7U&apos;, ip: &apos;192.168.1.150&apos;, os.name: &apos;Windows 10&apos;, os.arch: &apos;amd64&apos;, os.version: &apos;10.0&apos;, java.version: &apos;1.8.0_181&apos;&#10;Driver info: org.openqa.selenium.chrome.ChromeDriver&#10;Capabilities {acceptInsecureCerts: false, browserName: chrome, browserVersion: 84.0.4147.135, chrome: {chromedriverVersion: 84.0.4147.30 (48b3e868b4cc0..., userDataDir: C:\WINDOWS\TEMP\scoped_dir3...}, goog:chromeOptions: {debuggerAddress: localhost:61617}, javascriptEnabled: true, networkConnectionEnabled: false, pageLoadStrategy: normal, platform: WINDOWS, platformName: WINDOWS, proxy: Proxy(), setWindowRect: true, strictFileInteractability: false, timeouts: {implicit: 0, pageLoad: 300000, script: 30000}, unhandledPromptBehavior: dismiss and notify, webauthn:virtualAuthenticators: true}&#10;Session ID: b0f299a411c4d8864a668b9ef5efb737&#10;*** Element info: {Using=xpath, value=	//a[contains(text(),&apos;Logout&apos;)]}" type="org.openqa.selenium.NoSuchElementException"><![CDATA[org.openqa.selenium.NoSuchElementException: 
no such element: Unable to locate element: {"method":"xpath","selector":"	//a[contains(text(),'Logout')]"}
  (Session info: chrome=84.0.4147.135)
For documentation on this error, please visit: https://www.seleniumhq.org/exceptions/no_such_element.html
Build info: version: '3.141.59', revision: 'e82be7d358', time: '2018-11-14T08:17:03'
System info: host: 'DESKTOP-1ECMA7U', ip: '192.168.1.150', os.name: 'Windows 10', os.arch: 'amd64', os.version: '10.0', java.version: '1.8.0_181'
Driver info: org.openqa.selenium.chrome.ChromeDriver
Capabilities {acceptInsecureCerts: false, browserName: chrome, browserVersion: 84.0.4147.135, chrome: {chromedriverVersion: 84.0.4147.30 (48b3e868b4cc0..., userDataDir: C:\WINDOWS\TEMP\scoped_dir3...}, goog:chromeOptions: {debuggerAddress: localhost:61617}, javascriptEnabled: true, networkConnectionEnabled: false, pageLoadStrategy: normal, platform: WINDOWS, platformName: WINDOWS, proxy: Proxy(), setWindowRect: true, strictFileInteractability: false, timeouts: {implicit: 0, pageLoad: 300000, script: 30000}, unhandledPromptBehavior: dismiss and notify, webauthn:virtualAuthenticators: true}
Session ID: b0f299a411c4d8864a668b9ef5efb737
*** Element info: {Using=xpath, value=	//a[contains(text(),'Logout')]}
	at com.qa.test.testRegisterTestNG.registerTest(testRegisterTestNG.java:50)
]]></failure>
    <system-out><![CDATA[Row Count: 3
Col Count: 2
test18@gmail.com
Cel data[1,0]:test18@gmail.com
Test@gmail
Cel data[1,1]:Test@gmail
test19@gmail.com
Cel data[2,0]:test19@gmail.com
Test@gmail
Cel data[2,1]:Test@gmail
********** Test Started: registerTest
[INFO ] 2020-09-05 15:10:31.525 [main] log4j2Demo - Click to My account!
[INFO ] 2020-09-05 15:10:34.842 [main] log4j2Demo - Perform register form!
[INFO ] 2020-09-05 15:10:34.921 [main] log4j2Demo - Verify Account!
********** Test Failure: registerTest
]]></system-out>
  </testcase>
  <testcase name="registerTest[test19@gmail.com, Test@gmail](2)" classname="com.qa.test.testRegisterTestNG" time="29.479">
    <failure message="no such element: Unable to locate element: {&quot;method&quot;:&quot;xpath&quot;,&quot;selector&quot;:&quot;	//a[contains(text(),&apos;Logout&apos;)]&quot;}&#10;  (Session info: chrome=84.0.4147.135)&#10;For documentation on this error, please visit: https://www.seleniumhq.org/exceptions/no_such_element.html&#10;Build info: version: &apos;3.141.59&apos;, revision: &apos;e82be7d358&apos;, time: &apos;2018-11-14T08:17:03&apos;&#10;System info: host: &apos;DESKTOP-1ECMA7U&apos;, ip: &apos;192.168.1.150&apos;, os.name: &apos;Windows 10&apos;, os.arch: &apos;amd64&apos;, os.version: &apos;10.0&apos;, java.version: &apos;1.8.0_181&apos;&#10;Driver info: org.openqa.selenium.chrome.ChromeDriver&#10;Capabilities {acceptInsecureCerts: false, browserName: chrome, browserVersion: 84.0.4147.135, chrome: {chromedriverVersion: 84.0.4147.30 (48b3e868b4cc0..., userDataDir: C:\WINDOWS\TEMP\scoped_dir3...}, goog:chromeOptions: {debuggerAddress: localhost:61617}, javascriptEnabled: true, networkConnectionEnabled: false, pageLoadStrategy: normal, platform: WINDOWS, platformName: WINDOWS, proxy: Proxy(), setWindowRect: true, strictFileInteractability: false, timeouts: {implicit: 0, pageLoad: 300000, script: 30000}, unhandledPromptBehavior: dismiss and notify, webauthn:virtualAuthenticators: true}&#10;Session ID: b0f299a411c4d8864a668b9ef5efb737&#10;*** Element info: {Using=xpath, value=	//a[contains(text(),&apos;Logout&apos;)]}" type="org.openqa.selenium.NoSuchElementException"><![CDATA[org.openqa.selenium.NoSuchElementException: 
no such element: Unable to locate element: {"method":"xpath","selector":"	//a[contains(text(),'Logout')]"}
  (Session info: chrome=84.0.4147.135)
For documentation on this error, please visit: https://www.seleniumhq.org/exceptions/no_such_element.html
Build info: version: '3.141.59', revision: 'e82be7d358', time: '2018-11-14T08:17:03'
System info: host: 'DESKTOP-1ECMA7U', ip: '192.168.1.150', os.name: 'Windows 10', os.arch: 'amd64', os.version: '10.0', java.version: '1.8.0_181'
Driver info: org.openqa.selenium.chrome.ChromeDriver
Capabilities {acceptInsecureCerts: false, browserName: chrome, browserVersion: 84.0.4147.135, chrome: {chromedriverVersion: 84.0.4147.30 (48b3e868b4cc0..., userDataDir: C:\WINDOWS\TEMP\scoped_dir3...}, goog:chromeOptions: {debuggerAddress: localhost:61617}, javascriptEnabled: true, networkConnectionEnabled: false, pageLoadStrategy: normal, platform: WINDOWS, platformName: WINDOWS, proxy: Proxy(), setWindowRect: true, strictFileInteractability: false, timeouts: {implicit: 0, pageLoad: 300000, script: 30000}, unhandledPromptBehavior: dismiss and notify, webauthn:virtualAuthenticators: true}
Session ID: b0f299a411c4d8864a668b9ef5efb737
*** Element info: {Using=xpath, value=	//a[contains(text(),'Logout')]}
	at com.qa.test.testRegisterTestNG.registerTest(testRegisterTestNG.java:50)
]]></failure>
    <system-out><![CDATA[********** Test Started: registerTest
[INFO ] 2020-09-05 15:10:59.727 [main] log4j2Demo - Click to My account!
[INFO ] 2020-09-05 15:11:04.031 [main] log4j2Demo - Perform register form!
[INFO ] 2020-09-05 15:11:04.319 [main] log4j2Demo - Verify Account!
********** Test Failure: registerTest
]]></system-out>
  </testcase>
  <testcase name="addToCartTest[Album, 15,0](1)" classname="com.qa.test.testAddToCardTestNG" time="22.818">
    <system-out><![CDATA[Row Count: 4
Col Count: 2
Album
Cel data[1,0]:Album
15,0
Cel data[1,1]:15,0
Beanie with Logo
Cel data[2,0]:Beanie with Logo
18,0
Cel data[2,1]:18,0
Beanie
Cel data[3,0]:Beanie
18,0
Cel data[3,1]:18,0
********** Test Started: addToCartTest
Album 15,0
15,0
********** Test Successed: addToCartTest
]]></system-out>
  </testcase>
  <testcase name="addToCartTest[Beanie with Logo, 18,0](2)" classname="com.qa.test.testAddToCardTestNG" time="9.215">
    <system-out><![CDATA[********** Test Started: addToCartTest
Beanie with Logo 18,0
33,0
********** Test Successed: addToCartTest
]]></system-out>
  </testcase>
  <testcase name="addToCartTest[Beanie, 18,0](3)" classname="com.qa.test.testAddToCardTestNG" time="12.445">
    <system-out><![CDATA[********** Test Started: addToCartTest
Beanie 18,0
51,0
********** Test Successed: addToCartTest
]]></system-out>
  </testcase>
</testsuite>