<?xml version="1.0" encoding="UTF-8"?>
<testng-results skipped="0" failed="1" total="3" passed="2">
  <reporter-output>
  </reporter-output>
  <suite name="Default suite" duration-ms="31400" started-at="2020-08-29T08:13:58Z" finished-at="2020-08-29T08:14:30Z">
    <groups>
    </groups>
    <test name="Default test" duration-ms="31400" started-at="2020-08-29T08:13:58Z" finished-at="2020-08-29T08:14:30Z">
      <class name="com.qa.test.testAddToCardTestNG">
        <test-method status="PASS" signature="setUp()[pri:0, instance:com.qa.test.testAddToCardTestNG@57829d67]" name="setUp" is-config="true" duration-ms="476" started-at="2020-08-29T15:13:58Z" finished-at="2020-08-29T15:13:58Z">
          <reporter-output>
          </reporter-output>
        </test-method> <!-- setUp -->
        <test-method status="PASS" signature="setUpTest()[pri:0, instance:com.qa.test.testAddToCardTestNG@57829d67]" name="setUpTest" is-config="true" duration-ms="9110" started-at="2020-08-29T15:13:58Z" finished-at="2020-08-29T15:14:07Z">
          <reporter-output>
          </reporter-output>
        </test-method> <!-- setUpTest -->
        <test-method status="PASS" signature="addToCartTest(java.lang.String, java.lang.String)[pri:0, instance:com.qa.test.testAddToCardTestNG@57829d67]" name="addToCartTest" duration-ms="10065" started-at="2020-08-29T15:14:09Z" data-provider="testdata1" finished-at="2020-08-29T15:14:19Z">
          <params>
            <param index="0">
              <value>
                <![CDATA[Album]]>
              </value>
            </param>
            <param index="1">
              <value>
                <![CDATA[15,0]]>
              </value>
            </param>
          </params>
          <reporter-output>
          </reporter-output>
        </test-method> <!-- addToCartTest -->
        <test-method status="FAIL" signature="addToCartTest(java.lang.String, java.lang.String)[pri:0, instance:com.qa.test.testAddToCardTestNG@57829d67]" name="addToCartTest" duration-ms="1815" started-at="2020-08-29T15:14:19Z" data-provider="testdata1" finished-at="2020-08-29T15:14:21Z">
          <params>
            <param index="0">
              <value>
                <![CDATA[Beanie with logo]]>
              </value>
            </param>
            <param index="1">
              <value>
                <![CDATA[18,0]]>
              </value>
            </param>
          </params>
          <exception class="org.openqa.selenium.NoSuchElementException">
            <message>
              <![CDATA[no such element: Unable to locate element: {"method":"xpath","selector":"//h2[contains(text(),'Beanie with logo')]"}
  (Session info: chrome=84.0.4147.135)
For documentation on this error, please visit: https://www.seleniumhq.org/exceptions/no_such_element.html
Build info: version: '3.141.59', revision: 'e82be7d358', time: '2018-11-14T08:17:03'
System info: host: 'DESKTOP-1ECMA7U', ip: '192.168.1.150', os.name: 'Windows 10', os.arch: 'amd64', os.version: '10.0', java.version: '1.8.0_181'
Driver info: org.openqa.selenium.chrome.ChromeDriver
Capabilities {acceptInsecureCerts: false, browserName: chrome, browserVersion: 84.0.4147.135, chrome: {chromedriverVersion: 84.0.4147.30 (48b3e868b4cc0..., userDataDir: C:\Users\nhann\AppData\Loca...}, goog:chromeOptions: {debuggerAddress: localhost:54774}, javascriptEnabled: true, networkConnectionEnabled: false, pageLoadStrategy: normal, platform: WINDOWS, platformName: WINDOWS, proxy: Proxy(), setWindowRect: true, strictFileInteractability: false, timeouts: {implicit: 0, pageLoad: 300000, script: 30000}, unhandledPromptBehavior: dismiss and notify, webauthn:virtualAuthenticators: true}
Session ID: 74f8abb9b3d48a3aba5fbbbe6e94a317
*** Element info: {Using=xpath, value=//h2[contains(text(),'Beanie with logo')]}]]>
            </message>
            <full-stacktrace>
              <![CDATA[org.openqa.selenium.NoSuchElementException: no such element: Unable to locate element: {"method":"xpath","selector":"//h2[contains(text(),'Beanie with logo')]"}
  (Session info: chrome=84.0.4147.135)
For documentation on this error, please visit: https://www.seleniumhq.org/exceptions/no_such_element.html
Build info: version: '3.141.59', revision: 'e82be7d358', time: '2018-11-14T08:17:03'
System info: host: 'DESKTOP-1ECMA7U', ip: '192.168.1.150', os.name: 'Windows 10', os.arch: 'amd64', os.version: '10.0', java.version: '1.8.0_181'
Driver info: org.openqa.selenium.chrome.ChromeDriver
Capabilities {acceptInsecureCerts: false, browserName: chrome, browserVersion: 84.0.4147.135, chrome: {chromedriverVersion: 84.0.4147.30 (48b3e868b4cc0..., userDataDir: C:\Users\nhann\AppData\Loca...}, goog:chromeOptions: {debuggerAddress: localhost:54774}, javascriptEnabled: true, networkConnectionEnabled: false, pageLoadStrategy: normal, platform: WINDOWS, platformName: WINDOWS, proxy: Proxy(), setWindowRect: true, strictFileInteractability: false, timeouts: {implicit: 0, pageLoad: 300000, script: 30000}, unhandledPromptBehavior: dismiss and notify, webauthn:virtualAuthenticators: true}
Session ID: 74f8abb9b3d48a3aba5fbbbe6e94a317
*** Element info: {Using=xpath, value=//h2[contains(text(),'Beanie with logo')]}
	at sun.reflect.NativeConstructorAccessorImpl.newInstance0(Native Method)
	at sun.reflect.NativeConstructorAccessorImpl.newInstance(NativeConstructorAccessorImpl.java:62)
	at sun.reflect.DelegatingConstructorAccessorImpl.newInstance(DelegatingConstructorAccessorImpl.java:45)
	at java.lang.reflect.Constructor.newInstance(Constructor.java:423)
	at org.openqa.selenium.remote.http.W3CHttpResponseCodec.createException(W3CHttpResponseCodec.java:187)
	at org.openqa.selenium.remote.http.W3CHttpResponseCodec.decode(W3CHttpResponseCodec.java:122)
	at org.openqa.selenium.remote.http.W3CHttpResponseCodec.decode(W3CHttpResponseCodec.java:49)
	at org.openqa.selenium.remote.HttpCommandExecutor.execute(HttpCommandExecutor.java:158)
	at org.openqa.selenium.remote.service.DriverCommandExecutor.execute(DriverCommandExecutor.java:83)
	at org.openqa.selenium.remote.RemoteWebDriver.execute(RemoteWebDriver.java:552)
	at org.openqa.selenium.remote.RemoteWebDriver.findElement(RemoteWebDriver.java:323)
	at org.openqa.selenium.remote.RemoteWebDriver.findElementByXPath(RemoteWebDriver.java:428)
	at org.openqa.selenium.By$ByXPath.findElement(By.java:353)
	at org.openqa.selenium.remote.RemoteWebDriver.findElement(RemoteWebDriver.java:315)
	at com.qa.pages.homepageObject.clickProduct(homepageObject.java:43)
	at com.qa.test.testAddToCardTestNG.addToCartTest(testAddToCardTestNG.java:125)
	at sun.reflect.NativeMethodAccessorImpl.invoke0(Native Method)
	at sun.reflect.NativeMethodAccessorImpl.invoke(NativeMethodAccessorImpl.java:62)
	at sun.reflect.DelegatingMethodAccessorImpl.invoke(DelegatingMethodAccessorImpl.java:43)
	at java.lang.reflect.Method.invoke(Method.java:498)
	at org.testng.internal.MethodInvocationHelper.invokeMethod(MethodInvocationHelper.java:86)
	at org.testng.internal.Invoker.invokeMethod(Invoker.java:645)
	at org.testng.internal.Invoker.invokeTestMethod(Invoker.java:822)
	at org.testng.internal.Invoker.invokeTestMethods(Invoker.java:1130)
	at org.testng.internal.TestMethodWorker.invokeTestMethods(TestMethodWorker.java:129)
	at org.testng.internal.TestMethodWorker.run(TestMethodWorker.java:112)
	at org.testng.TestRunner.privateRun(TestRunner.java:782)
	at org.testng.TestRunner.run(TestRunner.java:632)
	at org.testng.SuiteRunner.runTest(SuiteRunner.java:366)
	at org.testng.SuiteRunner.runSequentially(SuiteRunner.java:361)
	at org.testng.SuiteRunner.privateRun(SuiteRunner.java:319)
	at org.testng.SuiteRunner.run(SuiteRunner.java:268)
	at org.testng.SuiteRunnerWorker.runSuite(SuiteRunnerWorker.java:52)
	at org.testng.SuiteRunnerWorker.run(SuiteRunnerWorker.java:86)
	at org.testng.TestNG.runSuitesSequentially(TestNG.java:1244)
	at org.testng.TestNG.runSuitesLocally(TestNG.java:1169)
	at org.testng.TestNG.run(TestNG.java:1064)
	at org.testng.remote.RemoteTestNG.run(RemoteTestNG.java:113)
	at org.testng.remote.RemoteTestNG.initAndRun(RemoteTestNG.java:206)
	at org.testng.remote.RemoteTestNG.main(RemoteTestNG.java:177)
]]>
            </full-stacktrace>
          </exception> <!-- org.openqa.selenium.NoSuchElementException -->
          <reporter-output>
          </reporter-output>
        </test-method> <!-- addToCartTest -->
        <test-method status="PASS" signature="addToCartTest(java.lang.String, java.lang.String)[pri:0, instance:com.qa.test.testAddToCardTestNG@57829d67]" name="addToCartTest" duration-ms="8000" started-at="2020-08-29T15:14:21Z" data-provider="testdata1" finished-at="2020-08-29T15:14:29Z">
          <params>
            <param index="0">
              <value>
                <![CDATA[Beanie]]>
              </value>
            </param>
            <param index="1">
              <value>
                <![CDATA[18,0]]>
              </value>
            </param>
          </params>
          <reporter-output>
          </reporter-output>
        </test-method> <!-- addToCartTest -->
        <test-method status="PASS" signature="tearDownTest()[pri:0, instance:com.qa.test.testAddToCardTestNG@57829d67]" name="tearDownTest" is-config="true" duration-ms="950" started-at="2020-08-29T15:14:29Z" finished-at="2020-08-29T15:14:30Z">
          <reporter-output>
          </reporter-output>
        </test-method> <!-- tearDownTest -->
        <test-method status="PASS" signature="tearDown()[pri:0, instance:com.qa.test.testAddToCardTestNG@57829d67]" name="tearDown" is-config="true" duration-ms="575" started-at="2020-08-29T15:14:30Z" finished-at="2020-08-29T15:14:30Z">
          <reporter-output>
          </reporter-output>
        </test-method> <!-- tearDown -->
      </class> <!-- com.qa.test.testAddToCardTestNG -->
    </test> <!-- Default test -->
  </suite> <!-- Default suite -->
</testng-results>
